<?xml version="1.0" encoding="UTF-8"?>
<testsuite xmlns:xsi="http://www.w3.org/2001/XMLSchema-instance" xsi:noNamespaceSchemaLocation="https://maven.apache.org/surefire/maven-surefire-plugin/xsd/surefire-test-report.xsd" name="service.ServiceTest" time="0.339" tests="14" errors="0" skipped="0" failures="0">
  <properties>
[...]
</properties>
  <testcase name="test_addStudent_withNull" classname="service.ServiceTest" time="0.021"/>
  <testcase name="addStudent_groupNumberIsZero_isAdded" classname="service.ServiceTest" time="0.049"/>
  <testcase name="addStudent_invalidStudentName_notAdded" classname="service.ServiceTest" time="0.011"/>
  <testcase name="addStudent_groupNumberIsMinusOne_notAdded" classname="service.ServiceTest" time="0.011"/>
  <testcase name="addStudent_validStudentName_isAdded" classname="service.ServiceTest" time="0.01"/>
  <testcase name="addStudent_validStudentGroup_isAdded" classname="service.ServiceTest" time="0.014"/>
  <testcase name="addStudent_invalidStudentGroup_notAdded" classname="service.ServiceTest" time="0.011"/>
  <testcase name="addStudent_invalidStudentId_notAdded" classname="service.ServiceTest" time="0.01"/>
  <testcase name="addStudent_validStudentEmail_isAdded" classname="service.ServiceTest" time="0.009"/>
  <testcase name="addAssignment_invalidAssignment" classname="service.ServiceTest" time="0.011"/>
  <testcase name="addAssignment_validAssignment" classname="service.ServiceTest" time="0.009"/>
  <testcase name="addStudent_invalidStudentEmail_notAdded" classname="service.ServiceTest" time="0.007"/>
  <testcase name="addStudent_validStudentId_isAdded" classname="service.ServiceTest" time="0.008"/>
  <testcase name="test_addStudent_withValidInput" classname="service.ServiceTest" time="0.009"/>
</testsuite>