<?xml version="1.0" encoding="UTF-8"?>
<testsuite xmlns:xsi="http://www.w3.org/2001/XMLSchema-instance" xsi:noNamespaceSchemaLocation="https://maven.apache.org/surefire/maven-surefire-plugin/xsd/surefire-test-report.xsd" name="integration.IntegrationTest" time="0.318" tests="4" errors="0" skipped="0" failures="0">
  <properties>
[...]
</properties>
  <testcase name="testAll" classname="integration.IntegrationTest" time="0.243"/>
  <testcase name="addGrade_invalidGrade_throwsValidationException" classname="integration.IntegrationTest" time="0.024"/>
  <testcase name="addAssignment_validAssignment_isAdded" classname="integration.IntegrationTest" time="0.018"/>
  <testcase name="addStudent_validStudent_isAdded" classname="integration.IntegrationTest" time="0.015"/>
</testsuite>